<?xml version="1.0" encoding="UTF-8"?>
<!-- Generated by org.testng.reporters.JUnitReportReporter -->
<testsuite hostname="LAPTOP-0A7BHQUS" failures="0" tests="1" name="com.LUMA.Tests.CreateAccountTest" time="10.164" errors="0" timestamp="2022-11-08T22:59:30 AST" skipped="0">
  <testcase classname="com.LUMA.Tests.CreateAccountTest" name="startHomePageTest" time="10.164"/>
  <system-out/>
</testsuite> <!-- com.LUMA.Tests.CreateAccountTest -->
