<?xml version="1.0" encoding="UTF-8"?>
<!-- Generated by org.testng.reporters.JUnitReportReporter -->
<testsuite hostname="LAPTOP-0A7BHQUS" failures="0" tests="1" name="com.LUMA.Tests.LoginTest" time="12.022" errors="0" timestamp="2022-11-13T21:55:21 AST" skipped="0">
  <testcase classname="com.LUMA.Tests.LoginTest" name="login" time="12.022"/>
  <system-out/>
</testsuite> <!-- com.LUMA.Tests.LoginTest -->
