<?xml version="1.0" encoding="UTF-8"?>
<!-- Generated by org.testng.reporters.JUnitReportReporter -->
<testsuite hostname="LAPTOP-0A7BHQUS" failures="0" tests="1" name="com.LUMA.Tests.ProductPageTest" time="12.659" errors="0" timestamp="2022-11-13T22:06:38 AST" skipped="0">
  <testcase classname="com.LUMA.Tests.ProductPageTest" name="addtoCart" time="12.659"/>
  <system-out/>
</testsuite> <!-- com.LUMA.Tests.ProductPageTest -->
